<?xml version="1.0" encoding="UTF-8"?>
<testng-results skipped="0" failed="0" ignored="0" total="1" passed="1">
  <reporter-output>
  </reporter-output>
  <suite name="Suite" duration-ms="45750" started-at="2020-01-24T07:00:18Z" finished-at="2020-01-24T07:01:04Z">
    <groups>
    </groups>
    <test name="Test" duration-ms="45750" started-at="2020-01-24T07:00:18Z" finished-at="2020-01-24T07:01:04Z">
      <class name="com.ggktech.AppiumTest.LaunchActivity">
        <test-method status="PASS" signature="setUpAndInstallApp()[pri:0, instance:com.ggktech.AppiumTest.LaunchActivity@1f554b06]" name="setUpAndInstallApp" is-config="true" duration-ms="16369" started-at="2020-01-24T07:00:18Z" finished-at="2020-01-24T07:00:34Z">
          <reporter-output>
          </reporter-output>
        </test-method> <!-- setUpAndInstallApp -->
        <test-method status="PASS" signature="shutDown()[pri:0, instance:com.ggktech.AppiumTest.LaunchActivity@1f554b06]" name="shutDown" is-config="true" duration-ms="1" started-at="2020-01-24T07:01:04Z" finished-at="2020-01-24T07:01:04Z">
          <reporter-output>
          </reporter-output>
        </test-method> <!-- shutDown -->
      </class> <!-- com.ggktech.AppiumTest.LaunchActivity -->
      <class name="com.ggktech.AppiumTest.MainActivity">
        <test-method status="PASS" signature="addToCart()[pri:0, instance:com.ggktech.AppiumTest.MainActivity@694e1548]" name="addToCart" duration-ms="29349" started-at="2020-01-24T07:00:34Z" finished-at="2020-01-24T07:01:04Z">
          <reporter-output>
          </reporter-output>
        </test-method> <!-- addToCart -->
      </class> <!-- com.ggktech.AppiumTest.MainActivity -->
    </test> <!-- Test -->
  </suite> <!-- Suite -->
</testng-results>
